INFO:root:Start ------------------------------------------------------------------------------------
DEBUG:ddo_file_parser:Extracted Melee Power: 174.0.
DEBUG:ddo_file_parser:Extracted Doublestrike: 45.0.
DEBUG:ddo_file_parser:Extracted Helpless Damage bonus: 55.0.
DEBUG:ddo_stats:Extracted the bonus damage on all crits, those on 19 or 20 as well: 137.0.
DEBUG:ddo_stats:Extracted the crit modifier of ordinary crits on the first weapon in the file: 2.0.
DEBUG:ddo_stats:Calculated the crit range of ordinary crits: 2.0.
DEBUG:ddo_stats:Calculated the average damage of a normal, non 19/20 crit: 274.0.
DEBUG:ddo_stats:Extracted the crit multiplier of big crits on 19 or 20: 2.0.
DEBUG:ddo_stats:Calculated the average damage of big crits on 19 or 20: 274.0.
DEBUG:ddo_stats:Now we know the crit ranges of crits and big crits, we calculated the normal hit range: 16.0
DEBUG:ddo_stats:Calculated the expected damage by averaging all die rolls from 1 - 20: 54.8.
DEBUG:ddo_file_parser:Extracted HP: 6394.0.
DEBUG:ddo_file_parser:Extracted PRR: 403.0.
DEBUG:__main__:The physical damage percentage that's reduced by PRR: 0.8011928429423459.
DEBUG:ddo_file_parser:Extracted MRR: 209.0.
DEBUG:__main__:The elemental damage percentage that's reduced by MRR: 0.6763754045307444.
DEBUG:ddo_file_parser:Extracted Dodge: 24.0.
DEBUG:ddo_file_parser:Extracted AC: 232.0.
INFO:__main__:An offensive fitness score for main hand items only: 337.
INFO:__main__:A defensive fitness score (A bit like 'Effective Hit Points'): 42057.
